[2012-04-26 10:19:59] request.INFO: Matched route "_imagine_my_thumb" (parameters: "_controller": "imagine.controller:filter", "filter": "my_thumb", "path": "images/one_or_zero.jpg", "_route": "_imagine_my_thumb") [] []
[2012-04-26 10:20:00] request.CRITICAL: RuntimeException: Could not create directory /home/projects/symblog/data/symblog/app/../web/media/cache/my_thumb/images (uncaught exception) at /home/projects/symblog/data/symblog/vendor/bundles/Avalanche/Bundle/ImagineBundle/Controller/ImagineController.php line 123 [] []
[2012-04-26 10:20:00] request.INFO: Matched route "_imagine_my_thumb" (parameters: "_controller": "imagine.controller:filter", "filter": "my_thumb", "path": "images/pool_leak.jpg", "_route": "_imagine_my_thumb") [] []
[2012-04-26 10:20:00] request.CRITICAL: RuntimeException: Could not create directory /home/projects/symblog/data/symblog/app/../web/media/cache/my_thumb/images (uncaught exception) at /home/projects/symblog/data/symblog/vendor/bundles/Avalanche/Bundle/ImagineBundle/Controller/ImagineController.php line 123 [] []
[2012-04-26 10:20:00] request.INFO: Matched route "_imagine_my_thumb" (parameters: "_controller": "imagine.controller:filter", "filter": "my_thumb", "path": "images/the_grid.jpg", "_route": "_imagine_my_thumb") [] []
[2012-04-26 10:20:00] request.CRITICAL: RuntimeException: Could not create directory /home/projects/symblog/data/symblog/app/../web/media/cache/my_thumb/images (uncaught exception) at /home/projects/symblog/data/symblog/vendor/bundles/Avalanche/Bundle/ImagineBundle/Controller/ImagineController.php line 123 [] []
[2012-04-26 10:20:00] request.INFO: Matched route "_imagine_my_thumb" (parameters: "_controller": "imagine.controller:filter", "filter": "my_thumb", "path": "images/beach.jpg", "_route": "_imagine_my_thumb") [] []
[2012-04-26 10:20:00] request.CRITICAL: RuntimeException: Could not create directory /home/projects/symblog/data/symblog/app/../web/media/cache/my_thumb/images (uncaught exception) at /home/projects/symblog/data/symblog/vendor/bundles/Avalanche/Bundle/ImagineBundle/Controller/ImagineController.php line 123 [] []
[2012-04-26 10:20:00] request.INFO: Matched route "_imagine_my_thumb" (parameters: "_controller": "imagine.controller:filter", "filter": "my_thumb", "path": "images/misdirection.jpg", "_route": "_imagine_my_thumb") [] []
[2012-04-26 10:20:00] request.CRITICAL: RuntimeException: Could not create directory /home/projects/symblog/data/symblog/app/../web/media/cache/my_thumb/images (uncaught exception) at /home/projects/symblog/data/symblog/vendor/bundles/Avalanche/Bundle/ImagineBundle/Controller/ImagineController.php line 123 [] []
[2012-04-30 15:33:05] request.ERROR: Symfony\Component\HttpKernel\Exception\NotFoundHttpException: No route found for "GET /cut_cad.php" (uncaught exception) at /home/projects/symblog/data/symblog/app/cache/prod/classes.php line 4564 [] []
[2012-05-09 12:14:51] request.ERROR: Symfony\Component\HttpKernel\Exception\NotFoundHttpException: No route found for "GET /listakes" (uncaught exception) at /home/projects/symblog/data/symblog/app/cache/prod/classes.php line 4564 [] []
[2012-05-09 12:14:54] request.ERROR: Symfony\Component\HttpKernel\Exception\NotFoundHttpException: No route found for "GET /mistakes" (uncaught exception) at /home/projects/symblog/data/symblog/app/cache/prod/classes.php line 4564 [] []
[2012-05-09 12:14:56] request.ERROR: Symfony\Component\HttpKernel\Exception\NotFoundHttpException: No route found for "GET /mistakes/" (uncaught exception) at /home/projects/symblog/data/symblog/app/cache/prod/classes.php line 4564 [] []
[2012-05-09 12:15:01] request.ERROR: Symfony\Component\HttpKernel\Exception\NotFoundHttpException: No route found for "GET /mistakesBundle/" (uncaught exception) at /home/projects/symblog/data/symblog/app/cache/prod/classes.php line 4564 [] []
[2012-05-09 14:53:17] request.ERROR: Symfony\Component\HttpKernel\Exception\NotFoundHttpException: No route found for "GET /aaa.php" (uncaught exception) at /home/projects/symblog/data/symblog/app/cache/prod/classes.php line 4564 [] []
[2012-05-09 14:53:19] request.ERROR: Symfony\Component\HttpKernel\Exception\NotFoundHttpException: No route found for "GET /aaa.php" (uncaught exception) at /home/projects/symblog/data/symblog/app/cache/prod/classes.php line 4564 [] []
[2012-05-10 14:57:15] request.ERROR: Symfony\Component\HttpKernel\Exception\NotFoundHttpException: No route found for "GET /hello/lolo" (uncaught exception) at /home/projects/symblog/data/symblog/app/cache/prod/classes.php line 4564 [] []
[2012-05-10 14:58:23] request.ERROR: Symfony\Component\HttpKernel\Exception\NotFoundHttpException: No route found for "GET /hello/" (uncaught exception) at /home/projects/symblog/data/symblog/app/cache/prod/classes.php line 4564 [] []
[2012-05-25 15:21:26] request.ERROR: Symfony\Component\HttpKernel\Exception\NotFoundHttpException: No route found for "GET /php_myadmin" (uncaught exception) at /home/projects/symblog/data/symblog/app/cache/prod/classes.php line 4564 [] []
[2012-05-29 11:27:30] request.ERROR: Symfony\Component\HttpKernel\Exception\NotFoundHttpException: No route found for "GET /pruebas/db/" (uncaught exception) at /home/projects/symblog/data/symblog/app/cache/prod/classes.php line 4564 [] []
[2012-05-29 17:23:51] request.ERROR: Symfony\Component\HttpKernel\Exception\NotFoundHttpException: No route found for "GET /pruebas/db/news.php" (uncaught exception) at /home/projects/symblog/data/symblog/app/cache/prod/classes.php line 4564 [] []
[2012-05-29 18:10:45] request.ERROR: Symfony\Component\HttpKernel\Exception\NotFoundHttpException: No route found for "GET /pruebas/db/news.php" (uncaught exception) at /home/projects/symblog/data/symblog/app/cache/prod/classes.php line 4564 [] []
[2012-05-29 18:10:51] request.ERROR: Symfony\Component\HttpKernel\Exception\NotFoundHttpException: No route found for "GET /pruebas/db/contact.php" (uncaught exception) at /home/projects/symblog/data/symblog/app/cache/prod/classes.php line 4564 [] []
[2012-06-01 11:58:02] request.ERROR: Symfony\Component\HttpKernel\Exception\NotFoundHttpException: No route found for "GET /pruebas/db/" (uncaught exception) at /home/projects/symblog/data/symblog/app/cache/prod/classes.php line 4564 [] []
[2012-06-01 13:11:36] request.ERROR: Symfony\Component\HttpKernel\Exception\NotFoundHttpException: No route found for "GET /a" (uncaught exception) at /home/projects/symblog/data/symblog/app/cache/prod/classes.php line 4564 [] []
[2012-06-11 10:49:31] request.ERROR: Symfony\Component\HttpKernel\Exception\NotFoundHttpException: No route found for "GET /gchart" (uncaught exception) at /home/projects/symblog/data/symblog/vendor/symfony/src/Symfony/Bundle/FrameworkBundle/EventListener/RouterListener.php line 83 [] []
